<?xml version="1.0" encoding="UTF-8"?>
<!-- Generated by org.testng.reporters.JUnitReportReporter -->
<testsuite hostname="romrobillos" failures="0" tests="1" name="testcase.LoginTest" time="2.572" errors="0" timestamp="2025-03-17T03:22:12 GMT+08:00" skipped="0">
  <testcase classname="testcase.LoginTest" name="testInvalidLoginErrorMsg" time="2.572"/>
  <system-out/>
</testsuite> <!-- testcase.LoginTest -->
